928  [main] INFO  c.e.p.Practice21Application – Starting Practice21Application using Java 1.8.0_41 on Nikita-PC with PID 15196 (D:\Work_Table\Nikita\Inform_Programs\mirea\Java_tasks\java-templates\practice21\target\classes started by Nikita in D:\Work_Table\Nikita\Inform_Programs\mirea\Java_tasks\java-templates\practice21)
935  [main] INFO  c.e.p.Practice21Application – No active profile set, falling back to default profiles: default
1544 [main] INFO  o.s.d.r.c.RepositoryConfigurationDelegate – Bootstrapping Spring Data JPA repositories in DEFAULT mode.
1624 [main] INFO  o.s.d.r.c.RepositoryConfigurationDelegate – Finished Spring Data repository scanning in 66 ms. Found 2 JPA repository interfaces.
2596 [main] INFO  o.s.b.w.e.tomcat.TomcatWebServer – Tomcat initialized with port(s): 8080 (http)
2606 [main] INFO  o.a.coyote.http11.Http11NioProtocol – Initializing ProtocolHandler ["http-nio-8080"]
2606 [main] INFO  o.a.catalina.core.StandardService – Starting service [Tomcat]
2606 [main] INFO  o.a.catalina.core.StandardEngine – Starting Servlet engine: [Apache Tomcat/9.0.43]
2716 [main] INFO  o.a.c.c.C.[Tomcat].[localhost].[/] – Initializing Spring embedded WebApplicationContext
2716 [main] INFO  o.s.b.w.s.c.ServletWebServerApplicationContext – Root WebApplicationContext: initialization completed in 1722 ms
2834 [main] INFO  com.zaxxer.hikari.HikariDataSource – HikariPool-1 - Starting...
3117 [main] INFO  com.zaxxer.hikari.HikariDataSource – HikariPool-1 - Start completed.
3310 [main] INFO  o.h.jpa.internal.util.LogHelper – HHH000204: Processing PersistenceUnitInfo [name: default]
3366 [main] INFO  org.hibernate.Version – HHH000412: Hibernate ORM core version 5.4.28.Final
3520 [main] INFO  o.h.annotations.common.Version – HCANN000001: Hibernate Commons Annotations {5.1.2.Final}
3647 [main] INFO  org.hibernate.dialect.Dialect – HHH000400: Using dialect: org.hibernate.dialect.PostgreSQL10Dialect
4406 [main] INFO  o.h.e.t.j.p.i.JtaPlatformInitiator – HHH000490: Using JtaPlatform implementation: [org.hibernate.engine.transaction.jta.platform.internal.NoJtaPlatform]
4420 [main] INFO  o.s.o.j.LocalContainerEntityManagerFactoryBean – Initialized JPA EntityManagerFactory for persistence unit 'default'
4998 [main] WARN  o.s.b.a.o.j.JpaBaseConfiguration$JpaWebConfiguration – spring.jpa.open-in-view is enabled by default. Therefore, database queries may be performed during view rendering. Explicitly configure spring.jpa.open-in-view to disable this warning
5155 [main] INFO  o.s.s.c.ThreadPoolTaskExecutor – Initializing ExecutorService 'applicationTaskExecutor'
5254 [main] INFO  o.s.b.a.w.s.WelcomePageHandlerMapping – Adding welcome page: class path resource [static/index.html]
5420 [main] INFO  o.a.coyote.http11.Http11NioProtocol – Starting ProtocolHandler ["http-nio-8080"]
5441 [main] INFO  o.s.b.w.e.tomcat.TomcatWebServer – Tomcat started on port(s): 8080 (http) with context path ''
5449 [main] INFO  c.e.p.Practice21Application – Started Practice21Application in 5.035 seconds (JVM running for 6.312)
20398 [http-nio-8080-exec-2] INFO  o.a.c.c.C.[Tomcat].[localhost].[/] – Initializing Spring DispatcherServlet 'dispatcherServlet'
20398 [http-nio-8080-exec-2] INFO  o.s.web.servlet.DispatcherServlet – Initializing Servlet 'dispatcherServlet'
20399 [http-nio-8080-exec-2] INFO  o.s.web.servlet.DispatcherServlet – Completed initialization in 1 ms
20596 [http-nio-8080-exec-2] INFO  com.example.practice21.Aspect – Sending email, item with name [Ljava.lang.Object; inserted
20599 [http-nio-8080-exec-2] INFO  com.example.practice21.Aspect – Method: save from class com.example.practice21.services.AuthorService, Time: 74 ms, Parameters: [com.example.practice21.tables.GameAuthor@1ea0fed]
20604 [task-1] INFO  com.example.practice21.Aspect – Method: sendEmail from class com.example.practice21.services.EmailService, Time: 5 ms, Parameters: []
856  [main] INFO  c.e.p.Practice21Application – Starting Practice21Application using Java 1.8.0_41 on Nikita-PC with PID 4876 (D:\Work_Table\Nikita\Inform_Programs\mirea\Java_tasks\java-templates\practice21\target\classes started by Nikita in D:\Work_Table\Nikita\Inform_Programs\mirea\Java_tasks\java-templates\practice21)
860  [main] INFO  c.e.p.Practice21Application – No active profile set, falling back to default profiles: default
1573 [main] INFO  o.s.d.r.c.RepositoryConfigurationDelegate – Bootstrapping Spring Data JPA repositories in DEFAULT mode.
1653 [main] INFO  o.s.d.r.c.RepositoryConfigurationDelegate – Finished Spring Data repository scanning in 65 ms. Found 2 JPA repository interfaces.
2848 [main] INFO  o.s.b.w.e.tomcat.TomcatWebServer – Tomcat initialized with port(s): 8080 (http)
2867 [main] INFO  o.a.coyote.http11.Http11NioProtocol – Initializing ProtocolHandler ["http-nio-8080"]
2868 [main] INFO  o.a.catalina.core.StandardService – Starting service [Tomcat]
2868 [main] INFO  o.a.catalina.core.StandardEngine – Starting Servlet engine: [Apache Tomcat/9.0.43]
2988 [main] INFO  o.a.c.c.C.[Tomcat].[localhost].[/] – Initializing Spring embedded WebApplicationContext
2988 [main] INFO  o.s.b.w.s.c.ServletWebServerApplicationContext – Root WebApplicationContext: initialization completed in 2050 ms
3141 [main] INFO  com.zaxxer.hikari.HikariDataSource – HikariPool-1 - Starting...
3461 [main] INFO  com.zaxxer.hikari.HikariDataSource – HikariPool-1 - Start completed.
3680 [main] INFO  o.h.jpa.internal.util.LogHelper – HHH000204: Processing PersistenceUnitInfo [name: default]
3782 [main] INFO  org.hibernate.Version – HHH000412: Hibernate ORM core version 5.4.28.Final
3994 [main] INFO  o.h.annotations.common.Version – HCANN000001: Hibernate Commons Annotations {5.1.2.Final}
4176 [main] INFO  org.hibernate.dialect.Dialect – HHH000400: Using dialect: org.hibernate.dialect.PostgreSQL10Dialect
5142 [main] INFO  o.h.e.t.j.p.i.JtaPlatformInitiator – HHH000490: Using JtaPlatform implementation: [org.hibernate.engine.transaction.jta.platform.internal.NoJtaPlatform]
5157 [main] INFO  o.s.o.j.LocalContainerEntityManagerFactoryBean – Initialized JPA EntityManagerFactory for persistence unit 'default'
5906 [main] WARN  o.s.b.a.o.j.JpaBaseConfiguration$JpaWebConfiguration – spring.jpa.open-in-view is enabled by default. Therefore, database queries may be performed during view rendering. Explicitly configure spring.jpa.open-in-view to disable this warning
6121 [main] INFO  o.s.s.c.ThreadPoolTaskExecutor – Initializing ExecutorService 'applicationTaskExecutor'
6241 [main] INFO  o.s.b.a.w.s.WelcomePageHandlerMapping – Adding welcome page: class path resource [static/index.html]
6443 [main] INFO  o.a.coyote.http11.Http11NioProtocol – Starting ProtocolHandler ["http-nio-8080"]
6469 [main] INFO  o.s.b.w.e.tomcat.TomcatWebServer – Tomcat started on port(s): 8080 (http) with context path ''
6478 [main] INFO  c.e.p.Practice21Application – Started Practice21Application in 6.117 seconds (JVM running for 9.099)
8442 [http-nio-8080-exec-2] INFO  o.a.c.c.C.[Tomcat].[localhost].[/] – Initializing Spring DispatcherServlet 'dispatcherServlet'
8442 [http-nio-8080-exec-2] INFO  o.s.web.servlet.DispatcherServlet – Initializing Servlet 'dispatcherServlet'
8444 [http-nio-8080-exec-2] INFO  o.s.web.servlet.DispatcherServlet – Completed initialization in 2 ms
19406 [http-nio-8080-exec-2] INFO  com.example.practice21.Aspect – Sending email, item with name com.example.practice21.tables.GameAuthor inserted
19411 [http-nio-8080-exec-2] INFO  com.example.practice21.Aspect – Method: save from class com.example.practice21.services.AuthorService, Time: 10784 ms, Parameters: [com.example.practice21.tables.GameAuthor@1969b1d]
19422 [task-1] INFO  com.example.practice21.Aspect – Method: sendEmail from class com.example.practice21.services.EmailService, Time: 6 ms, Parameters: []
20171 [SpringContextShutdownHook] INFO  o.s.s.c.ThreadPoolTaskExecutor – Shutting down ExecutorService 'applicationTaskExecutor'
20172 [SpringContextShutdownHook] INFO  o.s.o.j.LocalContainerEntityManagerFactoryBean – Closing JPA EntityManagerFactory for persistence unit 'default'
20176 [SpringContextShutdownHook] INFO  com.zaxxer.hikari.HikariDataSource – HikariPool-1 - Shutdown initiated...
20182 [SpringContextShutdownHook] INFO  com.zaxxer.hikari.HikariDataSource – HikariPool-1 - Shutdown completed.
832  [main] INFO  c.e.p.Practice21Application – Starting Practice21Application using Java 1.8.0_41 on Nikita-PC with PID 18500 (D:\Work_Table\Nikita\Inform_Programs\mirea\Java_tasks\java-templates\practice21\target\classes started by Nikita in D:\Work_Table\Nikita\Inform_Programs\mirea\Java_tasks\java-templates\practice21)
835  [main] INFO  c.e.p.Practice21Application – No active profile set, falling back to default profiles: default
1371 [main] INFO  o.s.d.r.c.RepositoryConfigurationDelegate – Bootstrapping Spring Data JPA repositories in DEFAULT mode.
1430 [main] INFO  o.s.d.r.c.RepositoryConfigurationDelegate – Finished Spring Data repository scanning in 49 ms. Found 2 JPA repository interfaces.
2359 [main] INFO  o.s.b.w.e.tomcat.TomcatWebServer – Tomcat initialized with port(s): 8080 (http)
2368 [main] INFO  o.a.coyote.http11.Http11NioProtocol – Initializing ProtocolHandler ["http-nio-8080"]
2369 [main] INFO  o.a.catalina.core.StandardService – Starting service [Tomcat]
2369 [main] INFO  o.a.catalina.core.StandardEngine – Starting Servlet engine: [Apache Tomcat/9.0.43]
2480 [main] INFO  o.a.c.c.C.[Tomcat].[localhost].[/] – Initializing Spring embedded WebApplicationContext
2480 [main] INFO  o.s.b.w.s.c.ServletWebServerApplicationContext – Root WebApplicationContext: initialization completed in 1594 ms
2602 [main] INFO  com.zaxxer.hikari.HikariDataSource – HikariPool-1 - Starting...
744  [main] INFO  c.e.p.Practice21Application – Starting Practice21Application using Java 1.8.0_41 on Nikita-PC with PID 10756 (D:\Work_Table\Nikita\Inform_Programs\mirea\Java_tasks\java-templates\practice21\target\classes started by Nikita in D:\Work_Table\Nikita\Inform_Programs\mirea\Java_tasks\java-templates\practice21)
747  [main] INFO  c.e.p.Practice21Application – No active profile set, falling back to default profiles: default
1291 [main] INFO  o.s.d.r.c.RepositoryConfigurationDelegate – Bootstrapping Spring Data JPA repositories in DEFAULT mode.
1352 [main] INFO  o.s.d.r.c.RepositoryConfigurationDelegate – Finished Spring Data repository scanning in 51 ms. Found 2 JPA repository interfaces.
2214 [main] INFO  o.s.b.w.e.tomcat.TomcatWebServer – Tomcat initialized with port(s): 8080 (http)
2222 [main] INFO  o.a.coyote.http11.Http11NioProtocol – Initializing ProtocolHandler ["http-nio-8080"]
2223 [main] INFO  o.a.catalina.core.StandardService – Starting service [Tomcat]
2223 [main] INFO  o.a.catalina.core.StandardEngine – Starting Servlet engine: [Apache Tomcat/9.0.43]
2326 [main] INFO  o.a.c.c.C.[Tomcat].[localhost].[/] – Initializing Spring embedded WebApplicationContext
2326 [main] INFO  o.s.b.w.s.c.ServletWebServerApplicationContext – Root WebApplicationContext: initialization completed in 1525 ms
2447 [main] INFO  com.zaxxer.hikari.HikariDataSource – HikariPool-1 - Starting...
2722 [main] INFO  com.zaxxer.hikari.HikariDataSource – HikariPool-1 - Start completed.
2895 [main] INFO  o.h.jpa.internal.util.LogHelper – HHH000204: Processing PersistenceUnitInfo [name: default]
2966 [main] INFO  org.hibernate.Version – HHH000412: Hibernate ORM core version 5.4.28.Final
3131 [main] INFO  o.h.annotations.common.Version – HCANN000001: Hibernate Commons Annotations {5.1.2.Final}
3311 [main] INFO  org.hibernate.dialect.Dialect – HHH000400: Using dialect: org.hibernate.dialect.PostgreSQL10Dialect
4183 [main] INFO  o.h.e.t.j.p.i.JtaPlatformInitiator – HHH000490: Using JtaPlatform implementation: [org.hibernate.engine.transaction.jta.platform.internal.NoJtaPlatform]
4196 [main] INFO  o.s.o.j.LocalContainerEntityManagerFactoryBean – Initialized JPA EntityManagerFactory for persistence unit 'default'
4831 [main] WARN  o.s.b.a.o.j.JpaBaseConfiguration$JpaWebConfiguration – spring.jpa.open-in-view is enabled by default. Therefore, database queries may be performed during view rendering. Explicitly configure spring.jpa.open-in-view to disable this warning
4984 [main] INFO  o.s.s.c.ThreadPoolTaskExecutor – Initializing ExecutorService 'applicationTaskExecutor'
5078 [main] INFO  o.s.b.a.w.s.WelcomePageHandlerMapping – Adding welcome page: class path resource [static/index.html]
5243 [main] INFO  o.a.coyote.http11.Http11NioProtocol – Starting ProtocolHandler ["http-nio-8080"]
5264 [main] INFO  o.s.b.w.e.tomcat.TomcatWebServer – Tomcat started on port(s): 8080 (http) with context path ''
5273 [main] INFO  c.e.p.Practice21Application – Started Practice21Application in 4.936 seconds (JVM running for 6.031)
26239 [http-nio-8080-exec-1] INFO  o.a.c.c.C.[Tomcat].[localhost].[/] – Initializing Spring DispatcherServlet 'dispatcherServlet'
26239 [http-nio-8080-exec-1] INFO  o.s.web.servlet.DispatcherServlet – Initializing Servlet 'dispatcherServlet'
26240 [http-nio-8080-exec-1] INFO  o.s.web.servlet.DispatcherServlet – Completed initialization in 1 ms
26433 [http-nio-8080-exec-1] INFO  com.example.practice21.Aspect – Method: getAuthors from class com.example.practice21.services.AuthorService, Time: 161 ms, Parameters: []
49457 [http-nio-8080-exec-3] INFO  com.example.practice21.Aspect – Sending email, item {id = 5, name = test} inserted
49459 [http-nio-8080-exec-3] INFO  com.example.practice21.Aspect – Method: save from class com.example.practice21.services.AuthorService, Time: 23 ms, Parameters: [com.example.practice21.tables.GameAuthor@1927e24]
50993 [task-1] INFO  com.example.practice21.Aspect – Method: sendEmail from class com.example.practice21.services.EmailService, Time: 1533 ms, Parameters: [com.example.practice21.tables.GameAuthor@1927e24]
795  [main] INFO  c.e.p.Practice21Application – Starting Practice21Application using Java 1.8.0_41 on Nikita-PC with PID 16312 (D:\Work_Table\Nikita\Inform_Programs\mirea\Java_tasks\java-templates\practice21\target\classes started by Nikita in D:\Work_Table\Nikita\Inform_Programs\mirea\Java_tasks\java-templates\practice21)
798  [main] INFO  c.e.p.Practice21Application – No active profile set, falling back to default profiles: default
1360 [main] INFO  o.s.d.r.c.RepositoryConfigurationDelegate – Bootstrapping Spring Data JPA repositories in DEFAULT mode.
1430 [main] INFO  o.s.d.r.c.RepositoryConfigurationDelegate – Finished Spring Data repository scanning in 58 ms. Found 2 JPA repository interfaces.
2319 [main] INFO  o.s.b.w.e.tomcat.TomcatWebServer – Tomcat initialized with port(s): 8080 (http)
2328 [main] INFO  o.a.coyote.http11.Http11NioProtocol – Initializing ProtocolHandler ["http-nio-8080"]
2328 [main] INFO  o.a.catalina.core.StandardService – Starting service [Tomcat]
2328 [main] INFO  o.a.catalina.core.StandardEngine – Starting Servlet engine: [Apache Tomcat/9.0.43]
2437 [main] INFO  o.a.c.c.C.[Tomcat].[localhost].[/] – Initializing Spring embedded WebApplicationContext
2438 [main] INFO  o.s.b.w.s.c.ServletWebServerApplicationContext – Root WebApplicationContext: initialization completed in 1587 ms
2561 [main] INFO  com.zaxxer.hikari.HikariDataSource – HikariPool-1 - Starting...
2845 [main] INFO  com.zaxxer.hikari.HikariDataSource – HikariPool-1 - Start completed.
3017 [main] INFO  o.h.jpa.internal.util.LogHelper – HHH000204: Processing PersistenceUnitInfo [name: default]
3080 [main] INFO  org.hibernate.Version – HHH000412: Hibernate ORM core version 5.4.28.Final
3241 [main] INFO  o.h.annotations.common.Version – HCANN000001: Hibernate Commons Annotations {5.1.2.Final}
3372 [main] INFO  org.hibernate.dialect.Dialect – HHH000400: Using dialect: org.hibernate.dialect.PostgreSQL10Dialect
4073 [main] INFO  o.h.e.t.j.p.i.JtaPlatformInitiator – HHH000490: Using JtaPlatform implementation: [org.hibernate.engine.transaction.jta.platform.internal.NoJtaPlatform]
4087 [main] INFO  o.s.o.j.LocalContainerEntityManagerFactoryBean – Initialized JPA EntityManagerFactory for persistence unit 'default'
4662 [main] WARN  o.s.b.a.o.j.JpaBaseConfiguration$JpaWebConfiguration – spring.jpa.open-in-view is enabled by default. Therefore, database queries may be performed during view rendering. Explicitly configure spring.jpa.open-in-view to disable this warning
4813 [main] INFO  o.s.s.c.ThreadPoolTaskExecutor – Initializing ExecutorService 'applicationTaskExecutor'
4904 [main] INFO  o.s.b.a.w.s.WelcomePageHandlerMapping – Adding welcome page: class path resource [static/index.html]
5058 [main] INFO  o.a.coyote.http11.Http11NioProtocol – Starting ProtocolHandler ["http-nio-8080"]
5079 [main] INFO  o.s.b.w.e.tomcat.TomcatWebServer – Tomcat started on port(s): 8080 (http) with context path ''
5088 [main] INFO  c.e.p.Practice21Application – Started Practice21Application in 4.7 seconds (JVM running for 5.868)
7764 [http-nio-8080-exec-1] INFO  o.a.c.c.C.[Tomcat].[localhost].[/] – Initializing Spring DispatcherServlet 'dispatcherServlet'
7764 [http-nio-8080-exec-1] INFO  o.s.web.servlet.DispatcherServlet – Initializing Servlet 'dispatcherServlet'
7765 [http-nio-8080-exec-1] INFO  o.s.web.servlet.DispatcherServlet – Completed initialization in 0 ms
7950 [http-nio-8080-exec-1] INFO  com.example.practice21.Aspect – Sending email, item {id = 6, name = test} inserted
7953 [http-nio-8080-exec-1] INFO  com.example.practice21.Aspect – Method: save from class com.example.practice21.services.AuthorService, Time: 64 ms, Parameters: [com.example.practice21.tables.GameAuthor@153ba2]
8198 [task-1] INFO  com.example.practice21.Aspect – Method: sendEmail from class com.example.practice21.services.EmailService, Time: 245 ms, Parameters: [com.example.practice21.tables.GameAuthor@153ba2]
751  [main] INFO  c.e.p.Practice21Application – Starting Practice21Application using Java 1.8.0_41 on Nikita-PC with PID 4116 (D:\Work_Table\Nikita\Inform_Programs\mirea\Java_tasks\java-templates\practice21\target\classes started by Nikita in D:\Work_Table\Nikita\Inform_Programs\mirea\Java_tasks\java-templates\practice21)
753  [main] INFO  c.e.p.Practice21Application – No active profile set, falling back to default profiles: default
1299 [main] INFO  o.s.d.r.c.RepositoryConfigurationDelegate – Bootstrapping Spring Data JPA repositories in DEFAULT mode.
1359 [main] INFO  o.s.d.r.c.RepositoryConfigurationDelegate – Finished Spring Data repository scanning in 50 ms. Found 2 JPA repository interfaces.
2237 [main] INFO  o.s.b.w.e.tomcat.TomcatWebServer – Tomcat initialized with port(s): 8080 (http)
2245 [main] INFO  o.a.coyote.http11.Http11NioProtocol – Initializing ProtocolHandler ["http-nio-8080"]
2246 [main] INFO  o.a.catalina.core.StandardService – Starting service [Tomcat]
2246 [main] INFO  o.a.catalina.core.StandardEngine – Starting Servlet engine: [Apache Tomcat/9.0.43]
2354 [main] INFO  o.a.c.c.C.[Tomcat].[localhost].[/] – Initializing Spring embedded WebApplicationContext
2354 [main] INFO  o.s.b.w.s.c.ServletWebServerApplicationContext – Root WebApplicationContext: initialization completed in 1546 ms
2476 [main] INFO  com.zaxxer.hikari.HikariDataSource – HikariPool-1 - Starting...
2748 [main] INFO  com.zaxxer.hikari.HikariDataSource – HikariPool-1 - Start completed.
2918 [main] INFO  o.h.jpa.internal.util.LogHelper – HHH000204: Processing PersistenceUnitInfo [name: default]
2977 [main] INFO  org.hibernate.Version – HHH000412: Hibernate ORM core version 5.4.28.Final
3123 [main] INFO  o.h.annotations.common.Version – HCANN000001: Hibernate Commons Annotations {5.1.2.Final}
3250 [main] INFO  org.hibernate.dialect.Dialect – HHH000400: Using dialect: org.hibernate.dialect.PostgreSQL10Dialect
3935 [main] INFO  o.h.e.t.j.p.i.JtaPlatformInitiator – HHH000490: Using JtaPlatform implementation: [org.hibernate.engine.transaction.jta.platform.internal.NoJtaPlatform]
3947 [main] INFO  o.s.o.j.LocalContainerEntityManagerFactoryBean – Initialized JPA EntityManagerFactory for persistence unit 'default'
4564 [main] WARN  o.s.b.a.o.j.JpaBaseConfiguration$JpaWebConfiguration – spring.jpa.open-in-view is enabled by default. Therefore, database queries may be performed during view rendering. Explicitly configure spring.jpa.open-in-view to disable this warning
4730 [main] INFO  o.s.s.c.ThreadPoolTaskExecutor – Initializing ExecutorService 'applicationTaskExecutor'
4830 [main] INFO  o.s.b.a.w.s.WelcomePageHandlerMapping – Adding welcome page: class path resource [static/index.html]
4986 [main] INFO  o.a.coyote.http11.Http11NioProtocol – Starting ProtocolHandler ["http-nio-8080"]
5008 [main] INFO  o.s.b.w.e.tomcat.TomcatWebServer – Tomcat started on port(s): 8080 (http) with context path ''
5016 [main] INFO  c.e.p.Practice21Application – Started Practice21Application in 4.683 seconds (JVM running for 5.817)
6900 [http-nio-8080-exec-1] INFO  o.a.c.c.C.[Tomcat].[localhost].[/] – Initializing Spring DispatcherServlet 'dispatcherServlet'
6900 [http-nio-8080-exec-1] INFO  o.s.web.servlet.DispatcherServlet – Initializing Servlet 'dispatcherServlet'
6901 [http-nio-8080-exec-1] INFO  o.s.web.servlet.DispatcherServlet – Completed initialization in 1 ms
7072 [http-nio-8080-exec-1] INFO  com.example.practice21.Aspect – Sending email, item {id = 7, name = test} inserted
7081 [http-nio-8080-exec-1] INFO  com.example.practice21.Aspect – Method: save from class com.example.practice21.services.AuthorService, Time: 59 ms, Parameters: [com.example.practice21.tables.GameAuthor@e09502]
7977 [task-1] INFO  c.e.p.services.EmailService – Email send
7978 [task-1] INFO  com.example.practice21.Aspect – Method: sendEmail from class com.example.practice21.services.EmailService, Time: 898 ms, Parameters: [com.example.practice21.tables.GameAuthor@e09502]
48877 [http-nio-8080-exec-3] INFO  com.example.practice21.Aspect – Sending email, item {id = 4, name = game3} inserted
48878 [http-nio-8080-exec-3] INFO  com.example.practice21.Aspect – Method: save from class com.example.practice21.services.GameService, Time: 15 ms, Parameters: [com.example.practice21.tables.Game@f716a]
49639 [task-2] INFO  c.e.p.services.EmailService – Email send
49639 [task-2] INFO  com.example.practice21.Aspect – Method: sendEmail from class com.example.practice21.services.EmailService, Time: 760 ms, Parameters: [com.example.practice21.tables.Game@f716a]
