784  [main] INFO  c.e.p.Practice19Application – Starting Practice19Application using Java 1.8.0_41 on Nikita-PC with PID 17224 (D:\Work_Table\Nikita\Inform_Programs\mirea\Java_tasks\java-templates\practice19\target\classes started by Nikita in D:\Work_Table\Nikita\Inform_Programs\mirea\Java_tasks\java-templates\practice19)
788  [main] INFO  c.e.p.Practice19Application – No active profile set, falling back to default profiles: default
1314 [main] INFO  o.s.d.r.c.RepositoryConfigurationDelegate – Bootstrapping Spring Data JPA repositories in DEFAULT mode.
1373 [main] INFO  o.s.d.r.c.RepositoryConfigurationDelegate – Finished Spring Data repository scanning in 48 ms. Found 2 JPA repository interfaces.
2084 [main] INFO  o.s.b.w.e.tomcat.TomcatWebServer – Tomcat initialized with port(s): 8080 (http)
2092 [main] INFO  o.a.coyote.http11.Http11NioProtocol – Initializing ProtocolHandler ["http-nio-8080"]
2093 [main] INFO  o.a.catalina.core.StandardService – Starting service [Tomcat]
2093 [main] INFO  o.a.catalina.core.StandardEngine – Starting Servlet engine: [Apache Tomcat/9.0.43]
2196 [main] INFO  o.a.c.c.C.[Tomcat].[localhost].[/] – Initializing Spring embedded WebApplicationContext
2196 [main] INFO  o.s.b.w.s.c.ServletWebServerApplicationContext – Root WebApplicationContext: initialization completed in 1356 ms
2305 [main] INFO  com.zaxxer.hikari.HikariDataSource – HikariPool-1 - Starting...
2688 [main] INFO  com.zaxxer.hikari.HikariDataSource – HikariPool-1 - Start completed.
2833 [main] INFO  o.h.jpa.internal.util.LogHelper – HHH000204: Processing PersistenceUnitInfo [name: default]
2887 [main] INFO  org.hibernate.Version – HHH000412: Hibernate ORM core version 5.4.28.Final
3035 [main] INFO  o.h.annotations.common.Version – HCANN000001: Hibernate Commons Annotations {5.1.2.Final}
3152 [main] INFO  org.hibernate.dialect.Dialect – HHH000400: Using dialect: org.hibernate.dialect.PostgreSQL10Dialect
3831 [main] INFO  o.h.e.t.j.p.i.JtaPlatformInitiator – HHH000490: Using JtaPlatform implementation: [org.hibernate.engine.transaction.jta.platform.internal.NoJtaPlatform]
3846 [main] INFO  o.s.o.j.LocalContainerEntityManagerFactoryBean – Initialized JPA EntityManagerFactory for persistence unit 'default'
4277 [main] WARN  o.s.b.a.o.j.JpaBaseConfiguration$JpaWebConfiguration – spring.jpa.open-in-view is enabled by default. Therefore, database queries may be performed during view rendering. Explicitly configure spring.jpa.open-in-view to disable this warning
4389 [main] INFO  o.s.s.c.ThreadPoolTaskExecutor – Initializing ExecutorService 'applicationTaskExecutor'
4471 [main] INFO  o.s.b.a.w.s.WelcomePageHandlerMapping – Adding welcome page: class path resource [static/index.html]
4596 [main] INFO  o.a.coyote.http11.Http11NioProtocol – Starting ProtocolHandler ["http-nio-8080"]
4618 [main] INFO  o.s.b.w.e.tomcat.TomcatWebServer – Tomcat started on port(s): 8080 (http) with context path ''
4626 [main] INFO  c.e.p.Practice19Application – Started Practice19Application in 4.26 seconds (JVM running for 5.601)
833  [main] INFO  c.e.p.Practice19Application – Starting Practice19Application using Java 1.8.0_41 on Nikita-PC with PID 1020 (D:\Work_Table\Nikita\Inform_Programs\mirea\Java_tasks\java-templates\practice19\target\classes started by Nikita in D:\Work_Table\Nikita\Inform_Programs\mirea\Java_tasks\java-templates\practice19)
836  [main] INFO  c.e.p.Practice19Application – No active profile set, falling back to default profiles: default
1396 [main] INFO  o.s.d.r.c.RepositoryConfigurationDelegate – Bootstrapping Spring Data JPA repositories in DEFAULT mode.
1459 [main] INFO  o.s.d.r.c.RepositoryConfigurationDelegate – Finished Spring Data repository scanning in 52 ms. Found 2 JPA repository interfaces.
2254 [main] INFO  o.s.b.w.e.tomcat.TomcatWebServer – Tomcat initialized with port(s): 8080 (http)
2264 [main] INFO  o.a.coyote.http11.Http11NioProtocol – Initializing ProtocolHandler ["http-nio-8080"]
2264 [main] INFO  o.a.catalina.core.StandardService – Starting service [Tomcat]
2265 [main] INFO  o.a.catalina.core.StandardEngine – Starting Servlet engine: [Apache Tomcat/9.0.43]
2374 [main] INFO  o.a.c.c.C.[Tomcat].[localhost].[/] – Initializing Spring embedded WebApplicationContext
2375 [main] INFO  o.s.b.w.s.c.ServletWebServerApplicationContext – Root WebApplicationContext: initialization completed in 1483 ms
2483 [main] INFO  com.zaxxer.hikari.HikariDataSource – HikariPool-1 - Starting...
2757 [main] INFO  com.zaxxer.hikari.HikariDataSource – HikariPool-1 - Start completed.
2901 [main] INFO  o.h.jpa.internal.util.LogHelper – HHH000204: Processing PersistenceUnitInfo [name: default]
2953 [main] INFO  org.hibernate.Version – HHH000412: Hibernate ORM core version 5.4.28.Final
3097 [main] INFO  o.h.annotations.common.Version – HCANN000001: Hibernate Commons Annotations {5.1.2.Final}
3221 [main] INFO  org.hibernate.dialect.Dialect – HHH000400: Using dialect: org.hibernate.dialect.PostgreSQL10Dialect
3916 [main] INFO  o.h.e.t.j.p.i.JtaPlatformInitiator – HHH000490: Using JtaPlatform implementation: [org.hibernate.engine.transaction.jta.platform.internal.NoJtaPlatform]
3931 [main] INFO  o.s.o.j.LocalContainerEntityManagerFactoryBean – Initialized JPA EntityManagerFactory for persistence unit 'default'
4386 [main] WARN  o.s.b.a.o.j.JpaBaseConfiguration$JpaWebConfiguration – spring.jpa.open-in-view is enabled by default. Therefore, database queries may be performed during view rendering. Explicitly configure spring.jpa.open-in-view to disable this warning
4503 [main] INFO  o.s.s.c.ThreadPoolTaskExecutor – Initializing ExecutorService 'applicationTaskExecutor'
4590 [main] INFO  o.s.b.a.w.s.WelcomePageHandlerMapping – Adding welcome page: class path resource [static/index.html]
4713 [main] INFO  o.a.coyote.http11.Http11NioProtocol – Starting ProtocolHandler ["http-nio-8080"]
4736 [main] INFO  o.s.b.w.e.tomcat.TomcatWebServer – Tomcat started on port(s): 8080 (http) with context path ''
4743 [main] INFO  c.e.p.Practice19Application – Started Practice19Application in 4.341 seconds (JVM running for 5.556)
7311 [http-nio-8080-exec-3] INFO  o.a.c.c.C.[Tomcat].[localhost].[/] – Initializing Spring DispatcherServlet 'dispatcherServlet'
7311 [http-nio-8080-exec-3] INFO  o.s.web.servlet.DispatcherServlet – Initializing Servlet 'dispatcherServlet'
7312 [http-nio-8080-exec-3] INFO  o.s.web.servlet.DispatcherServlet – Completed initialization in 1 ms
7335 [http-nio-8080-exec-3] INFO  c.e.practice19.services.GameService – Returning Game List sorted by creation_date
13299 [http-nio-8080-exec-2] INFO  c.e.p.services.AuthorService – Returning GameAuthor list
