866  [main] INFO  c.e.p.Practice23Application – Starting Practice23Application using Java 1.8.0_41 on Nikita-PC with PID 1792 (D:\Work_Table\Nikita\Inform_Programs\mirea\Java_tasks\java-templates\practice23\target\classes started by Nikita in D:\Work_Table\Nikita\Inform_Programs\mirea\Java_tasks\java-templates\practice23)
869  [main] INFO  c.e.p.Practice23Application – No active profile set, falling back to default profiles: default
1727 [main] INFO  o.s.d.r.c.RepositoryConfigurationDelegate – Bootstrapping Spring Data JPA repositories in DEFAULT mode.
1813 [main] INFO  o.s.d.r.c.RepositoryConfigurationDelegate – Finished Spring Data repository scanning in 75 ms. Found 4 JPA repository interfaces.
2884 [main] INFO  o.s.b.w.e.tomcat.TomcatWebServer – Tomcat initialized with port(s): 8080 (http)
2893 [main] INFO  o.a.coyote.http11.Http11NioProtocol – Initializing ProtocolHandler ["http-nio-8080"]
2894 [main] INFO  o.a.catalina.core.StandardService – Starting service [Tomcat]
2894 [main] INFO  o.a.catalina.core.StandardEngine – Starting Servlet engine: [Apache Tomcat/9.0.43]
3251 [main] INFO  o.apache.jasper.servlet.TldScanner – At least one JAR was scanned for TLDs yet contained no TLDs. Enable debug logging for this logger for a complete list of JARs that were scanned but no TLDs were found in them. Skipping unneeded JARs during scanning can improve startup time and JSP compilation time.
3256 [main] INFO  o.a.c.c.C.[Tomcat].[localhost].[/] – Initializing Spring embedded WebApplicationContext
3257 [main] INFO  o.s.b.w.s.c.ServletWebServerApplicationContext – Root WebApplicationContext: initialization completed in 2328 ms
3385 [main] INFO  com.zaxxer.hikari.HikariDataSource – HikariPool-1 - Starting...
3656 [main] INFO  com.zaxxer.hikari.HikariDataSource – HikariPool-1 - Start completed.
3874 [main] INFO  o.h.jpa.internal.util.LogHelper – HHH000204: Processing PersistenceUnitInfo [name: default]
3950 [main] INFO  org.hibernate.Version – HHH000412: Hibernate ORM core version 5.4.28.Final
4112 [main] INFO  o.h.annotations.common.Version – HCANN000001: Hibernate Commons Annotations {5.1.2.Final}
4248 [main] INFO  org.hibernate.dialect.Dialect – HHH000400: Using dialect: org.hibernate.dialect.PostgreSQL10Dialect
5043 [main] INFO  o.h.e.t.j.p.i.JtaPlatformInitiator – HHH000490: Using JtaPlatform implementation: [org.hibernate.engine.transaction.jta.platform.internal.NoJtaPlatform]
5059 [main] INFO  o.s.o.j.LocalContainerEntityManagerFactoryBean – Initialized JPA EntityManagerFactory for persistence unit 'default'
5179 [main] WARN  o.s.b.a.o.j.JpaBaseConfiguration$JpaWebConfiguration – spring.jpa.open-in-view is enabled by default. Therefore, database queries may be performed during view rendering. Explicitly configure spring.jpa.open-in-view to disable this warning
5993 [main] INFO  o.s.s.c.ThreadPoolTaskExecutor – Initializing ExecutorService 'applicationTaskExecutor'
6099 [main] INFO  o.s.b.a.w.s.WelcomePageHandlerMapping – Adding welcome page: class path resource [static/index.html]
6398 [main] INFO  o.s.s.w.DefaultSecurityFilterChain – Will secure any request with [org.springframework.security.web.context.request.async.WebAsyncManagerIntegrationFilter@1454c7a, org.springframework.security.web.context.SecurityContextPersistenceFilter@8b503a, org.springframework.security.web.header.HeaderWriterFilter@9f0ca8, org.springframework.security.web.authentication.logout.LogoutFilter@13b8, org.springframework.security.web.authentication.UsernamePasswordAuthenticationFilter@1eab26b, org.springframework.security.web.savedrequest.RequestCacheAwareFilter@1332b23, org.springframework.security.web.servletapi.SecurityContextHolderAwareRequestFilter@1beedff, org.springframework.security.web.authentication.AnonymousAuthenticationFilter@f3ba6a, org.springframework.security.web.session.SessionManagementFilter@a4e619, org.springframework.security.web.access.ExceptionTranslationFilter@12b7e3c, org.springframework.security.web.access.intercept.FilterSecurityInterceptor@1f3da0b]
6436 [main] INFO  o.s.s.c.ThreadPoolTaskScheduler – Initializing ExecutorService 'taskScheduler'
6490 [main] INFO  o.a.coyote.http11.Http11NioProtocol – Starting ProtocolHandler ["http-nio-8080"]
6531 [main] INFO  o.s.b.w.e.tomcat.TomcatWebServer – Tomcat started on port(s): 8080 (http) with context path ''
6543 [main] INFO  c.e.p.Practice23Application – Started Practice23Application in 6.137 seconds (JVM running for 7.558)
21785 [http-nio-8080-exec-1] INFO  o.a.c.c.C.[Tomcat].[localhost].[/] – Initializing Spring DispatcherServlet 'dispatcherServlet'
21785 [http-nio-8080-exec-1] INFO  o.s.web.servlet.DispatcherServlet – Initializing Servlet 'dispatcherServlet'
21786 [http-nio-8080-exec-1] INFO  o.s.web.servlet.DispatcherServlet – Completed initialization in 1 ms
27331 [http-nio-8080-exec-3] INFO  com.example.practice23.Aspect – Method: loadUserByUsername from class com.example.practice23.services.UserService, Time: 279 ms, Parameters: [user]
27498 [http-nio-8080-exec-4] INFO  com.example.practice23.Aspect – Method: getGames from class com.example.practice23.services.GameService, Time: 20 ms, Parameters: []
43153 [http-nio-8080-exec-2] INFO  com.example.practice23.Aspect – Method: saveUser from class com.example.practice23.services.UserService, Time: 180 ms, Parameters: [com.example.practice23.models.User@952c55, B091FA73C7AE2CA3FED8687F219D8631]
48169 [http-nio-8080-exec-5] INFO  com.example.practice23.Aspect – Method: loadUserByUsername from class com.example.practice23.services.UserService, Time: 4 ms, Parameters: [user2]
